Copyright 1986-2022 Xilinx, Inc. All Rights Reserved.
---------------------------------------------------------------------------------------------------------------------------------------------------------------------------------------------------------------------
| Tool Version : Vivado v.2022.2 (win64) Build 3671981 Fri Oct 14 05:00:03 MDT 2022
| Date         : Sat Apr  8 13:20:28 2023
| Host         : LAPTOP-G708DRG3 running 64-bit major release  (build 9200)
| Command      : report_timing_summary -max_paths 10 -report_unconstrained -file Slow_Clk_timing_summary_routed.rpt -pb Slow_Clk_timing_summary_routed.pb -rpx Slow_Clk_timing_summary_routed.rpx -warn_on_violation
| Design       : Slow_Clk
| Device       : 7a35t-cpg236
| Speed File   : -1  PRODUCTION 1.23 2018-06-13
---------------------------------------------------------------------------------------------------------------------------------------------------------------------------------------------------------------------

Timing Summary Report

------------------------------------------------------------------------------------------------
| Timer Settings
| --------------
------------------------------------------------------------------------------------------------

  Enable Multi Corner Analysis               :  Yes
  Enable Pessimism Removal                   :  Yes
  Pessimism Removal Resolution               :  Nearest Common Node
  Enable Input Delay Default Clock           :  No
  Enable Preset / Clear Arcs                 :  No
  Disable Flight Delays                      :  No
  Ignore I/O Paths                           :  No
  Timing Early Launch at Borrowing Latches   :  No
  Borrow Time for Max Delay Exceptions       :  Yes
  Merge Timing Exceptions                    :  Yes

  Corner  Analyze    Analyze    
  Name    Max Paths  Min Paths  
  ------  ---------  ---------  
  Slow    Yes        Yes        
  Fast    Yes        Yes        


------------------------------------------------------------------------------------------------
| Report Methodology
| ------------------
------------------------------------------------------------------------------------------------

Rule       Severity          Description                  Violations  
---------  ----------------  ---------------------------  ----------  
TIMING-17  Critical Warning  Non-clocked sequential cell  34          

Note: This report is based on the most recent report_methodology run and may not be up-to-date. Run report_methodology on the current design for the latest report.



check_timing report

Table of Contents
-----------------
1. checking no_clock (34)
2. checking constant_clock (0)
3. checking pulse_width_clock (0)
4. checking unconstrained_internal_endpoints (67)
5. checking no_input_delay (0)
6. checking no_output_delay (1)
7. checking multiple_clock (0)
8. checking generated_clocks (0)
9. checking loops (0)
10. checking partial_input_delay (0)
11. checking partial_output_delay (0)
12. checking latch_loops (0)

1. checking no_clock (34)
-------------------------
 There are 34 register/latch pins with no clock driven by root clock pin: Clk_in (HIGH)


2. checking constant_clock (0)
------------------------------
 There are 0 register/latch pins with constant_clock.


3. checking pulse_width_clock (0)
---------------------------------
 There are 0 register/latch pins which need pulse_width check


4. checking unconstrained_internal_endpoints (67)
-------------------------------------------------
 There are 67 pins that are not constrained for maximum delay. (HIGH)

 There are 0 pins that are not constrained for maximum delay due to constant clock.


5. checking no_input_delay (0)
------------------------------
 There are 0 input ports with no input delay specified.

 There are 0 input ports with no input delay but user has a false path constraint.


6. checking no_output_delay (1)
-------------------------------
 There is 1 port with no output delay specified. (HIGH)

 There are 0 ports with no output delay but user has a false path constraint

 There are 0 ports with no output delay but with a timing clock defined on it or propagating through it


7. checking multiple_clock (0)
------------------------------
 There are 0 register/latch pins with multiple clocks.


8. checking generated_clocks (0)
--------------------------------
 There are 0 generated clocks that are not connected to a clock source.


9. checking loops (0)
---------------------
 There are 0 combinational loops in the design.


10. checking partial_input_delay (0)
------------------------------------
 There are 0 input ports with partial input delay specified.


11. checking partial_output_delay (0)
-------------------------------------
 There are 0 ports with partial output delay specified.


12. checking latch_loops (0)
----------------------------
 There are 0 combinational latch loops in the design through latch input



------------------------------------------------------------------------------------------------
| Design Timing Summary
| ---------------------
------------------------------------------------------------------------------------------------

    WNS(ns)      TNS(ns)  TNS Failing Endpoints  TNS Total Endpoints      WHS(ns)      THS(ns)  THS Failing Endpoints  THS Total Endpoints     WPWS(ns)     TPWS(ns)  TPWS Failing Endpoints  TPWS Total Endpoints  
    -------      -------  ---------------------  -------------------      -------      -------  ---------------------  -------------------     --------     --------  ----------------------  --------------------  
        inf        0.000                      0                   68          inf        0.000                      0                   68           NA           NA                      NA                    NA  


There are no user specified timing constraints.


------------------------------------------------------------------------------------------------
| Clock Summary
| -------------
------------------------------------------------------------------------------------------------


------------------------------------------------------------------------------------------------
| Intra Clock Table
| -----------------
------------------------------------------------------------------------------------------------

Clock             WNS(ns)      TNS(ns)  TNS Failing Endpoints  TNS Total Endpoints      WHS(ns)      THS(ns)  THS Failing Endpoints  THS Total Endpoints     WPWS(ns)     TPWS(ns)  TPWS Failing Endpoints  TPWS Total Endpoints  
-----             -------      -------  ---------------------  -------------------      -------      -------  ---------------------  -------------------     --------     --------  ----------------------  --------------------  


------------------------------------------------------------------------------------------------
| Inter Clock Table
| -----------------
------------------------------------------------------------------------------------------------

From Clock    To Clock          WNS(ns)      TNS(ns)  TNS Failing Endpoints  TNS Total Endpoints      WHS(ns)      THS(ns)  THS Failing Endpoints  THS Total Endpoints  
----------    --------          -------      -------  ---------------------  -------------------      -------      -------  ---------------------  -------------------  


------------------------------------------------------------------------------------------------
| Other Path Groups Table
| -----------------------
------------------------------------------------------------------------------------------------

Path Group    From Clock    To Clock          WNS(ns)      TNS(ns)  TNS Failing Endpoints  TNS Total Endpoints      WHS(ns)      THS(ns)  THS Failing Endpoints  THS Total Endpoints  
----------    ----------    --------          -------      -------  ---------------------  -------------------      -------      -------  ---------------------  -------------------  


------------------------------------------------------------------------------------------------
| User Ignored Path Table
| -----------------------
------------------------------------------------------------------------------------------------

Path Group    From Clock    To Clock    
----------    ----------    --------    


------------------------------------------------------------------------------------------------
| Unconstrained Path Table
| ------------------------
------------------------------------------------------------------------------------------------

Path Group    From Clock    To Clock    
----------    ----------    --------    
(none)                                    


------------------------------------------------------------------------------------------------
| Timing Details
| --------------
------------------------------------------------------------------------------------------------


--------------------------------------------------------------------------------------
Path Group:  (none)
From Clock:  
  To Clock:  

Max Delay            68 Endpoints
Min Delay            68 Endpoints
--------------------------------------------------------------------------------------


Max Delay Paths
--------------------------------------------------------------------------------------
Slack:                    inf
  Source:                 Clk_out_reg/C
                            (rising edge-triggered cell FDRE)
  Destination:            Clk_out
                            (output port)
  Path Group:             (none)
  Path Type:              Max at Slow Process Corner
  Data Path Delay:        4.729ns  (logic 3.055ns (64.603%)  route 1.674ns (35.397%))
  Logic Levels:           2  (FDRE=1 OBUF=1)

    Location             Delay type                Incr(ns)  Path(ns)    Netlist Resource(s)
  -------------------------------------------------------------------    -------------------
    SLICE_X0Y1           FDRE                         0.000     0.000 r  Clk_out_reg/C
    SLICE_X0Y1           FDRE (Prop_fdre_C_Q)         0.456     0.456 r  Clk_out_reg/Q
                         net (fo=1, routed)           1.674     2.130    Clk_out_OBUF
    U14                  OBUF (Prop_obuf_I_O)         2.599     4.729 r  Clk_out_OBUF_inst/O
                         net (fo=0)                   0.000     4.729    Clk_out
    U14                                                               r  Clk_out (OUT)
  -------------------------------------------------------------------    -------------------

Slack:                    inf
  Source:                 Count_reg[11]/C
                            (rising edge-triggered cell FDRE)
  Destination:            Clk_out_reg/CE
  Path Group:             (none)
  Path Type:              Max at Slow Process Corner
  Data Path Delay:        4.054ns  (logic 0.828ns (20.424%)  route 3.226ns (79.576%))
  Logic Levels:           4  (FDRE=1 LUT3=1 LUT4=1 LUT6=1)

    Location             Delay type                Incr(ns)  Path(ns)    Netlist Resource(s)
  -------------------------------------------------------------------    -------------------
    SLICE_X1Y2           FDRE                         0.000     0.000 r  Count_reg[11]/C
    SLICE_X1Y2           FDRE (Prop_fdre_C_Q)         0.456     0.456 f  Count_reg[11]/Q
                         net (fo=2, routed)           0.835     1.291    Count[11]
    SLICE_X0Y1           LUT4 (Prop_lut4_I1_O)        0.124     1.415 f  Count[31]_i_6/O
                         net (fo=1, routed)           0.279     1.694    Count[31]_i_6_n_0
    SLICE_X0Y1           LUT6 (Prop_lut6_I4_O)        0.124     1.818 r  Count[31]_i_3/O
                         net (fo=2, routed)           0.962     2.781    Count[31]_i_3_n_0
    SLICE_X0Y4           LUT3 (Prop_lut3_I0_O)        0.124     2.905 r  Count[31]_i_1/O
                         net (fo=33, routed)          1.149     4.054    Clk_status
    SLICE_X0Y1           FDRE                                         r  Clk_out_reg/CE
  -------------------------------------------------------------------    -------------------

Slack:                    inf
  Source:                 Count_reg[11]/C
                            (rising edge-triggered cell FDRE)
  Destination:            Count_reg[0]/S
  Path Group:             (none)
  Path Type:              Max at Slow Process Corner
  Data Path Delay:        3.875ns  (logic 0.828ns (21.369%)  route 3.047ns (78.631%))
  Logic Levels:           4  (FDRE=1 LUT3=1 LUT4=1 LUT6=1)

    Location             Delay type                Incr(ns)  Path(ns)    Netlist Resource(s)
  -------------------------------------------------------------------    -------------------
    SLICE_X1Y2           FDRE                         0.000     0.000 r  Count_reg[11]/C
    SLICE_X1Y2           FDRE (Prop_fdre_C_Q)         0.456     0.456 f  Count_reg[11]/Q
                         net (fo=2, routed)           0.835     1.291    Count[11]
    SLICE_X0Y1           LUT4 (Prop_lut4_I1_O)        0.124     1.415 f  Count[31]_i_6/O
                         net (fo=1, routed)           0.279     1.694    Count[31]_i_6_n_0
    SLICE_X0Y1           LUT6 (Prop_lut6_I4_O)        0.124     1.818 r  Count[31]_i_3/O
                         net (fo=2, routed)           0.962     2.781    Count[31]_i_3_n_0
    SLICE_X0Y4           LUT3 (Prop_lut3_I0_O)        0.124     2.905 r  Count[31]_i_1/O
                         net (fo=33, routed)          0.970     3.875    Clk_status
    SLICE_X1Y1           FDSE                                         r  Count_reg[0]/S
  -------------------------------------------------------------------    -------------------

Slack:                    inf
  Source:                 Count_reg[11]/C
                            (rising edge-triggered cell FDRE)
  Destination:            Count_reg[5]/R
  Path Group:             (none)
  Path Type:              Max at Slow Process Corner
  Data Path Delay:        3.875ns  (logic 0.828ns (21.369%)  route 3.047ns (78.631%))
  Logic Levels:           4  (FDRE=1 LUT3=1 LUT4=1 LUT6=1)

    Location             Delay type                Incr(ns)  Path(ns)    Netlist Resource(s)
  -------------------------------------------------------------------    -------------------
    SLICE_X1Y2           FDRE                         0.000     0.000 r  Count_reg[11]/C
    SLICE_X1Y2           FDRE (Prop_fdre_C_Q)         0.456     0.456 f  Count_reg[11]/Q
                         net (fo=2, routed)           0.835     1.291    Count[11]
    SLICE_X0Y1           LUT4 (Prop_lut4_I1_O)        0.124     1.415 f  Count[31]_i_6/O
                         net (fo=1, routed)           0.279     1.694    Count[31]_i_6_n_0
    SLICE_X0Y1           LUT6 (Prop_lut6_I4_O)        0.124     1.818 r  Count[31]_i_3/O
                         net (fo=2, routed)           0.962     2.781    Count[31]_i_3_n_0
    SLICE_X0Y4           LUT3 (Prop_lut3_I0_O)        0.124     2.905 r  Count[31]_i_1/O
                         net (fo=33, routed)          0.970     3.875    Clk_status
    SLICE_X1Y1           FDRE                                         r  Count_reg[5]/R
  -------------------------------------------------------------------    -------------------

Slack:                    inf
  Source:                 Count_reg[11]/C
                            (rising edge-triggered cell FDRE)
  Destination:            Count_reg[6]/R
  Path Group:             (none)
  Path Type:              Max at Slow Process Corner
  Data Path Delay:        3.875ns  (logic 0.828ns (21.369%)  route 3.047ns (78.631%))
  Logic Levels:           4  (FDRE=1 LUT3=1 LUT4=1 LUT6=1)

    Location             Delay type                Incr(ns)  Path(ns)    Netlist Resource(s)
  -------------------------------------------------------------------    -------------------
    SLICE_X1Y2           FDRE                         0.000     0.000 r  Count_reg[11]/C
    SLICE_X1Y2           FDRE (Prop_fdre_C_Q)         0.456     0.456 f  Count_reg[11]/Q
                         net (fo=2, routed)           0.835     1.291    Count[11]
    SLICE_X0Y1           LUT4 (Prop_lut4_I1_O)        0.124     1.415 f  Count[31]_i_6/O
                         net (fo=1, routed)           0.279     1.694    Count[31]_i_6_n_0
    SLICE_X0Y1           LUT6 (Prop_lut6_I4_O)        0.124     1.818 r  Count[31]_i_3/O
                         net (fo=2, routed)           0.962     2.781    Count[31]_i_3_n_0
    SLICE_X0Y4           LUT3 (Prop_lut3_I0_O)        0.124     2.905 r  Count[31]_i_1/O
                         net (fo=33, routed)          0.970     3.875    Clk_status
    SLICE_X1Y1           FDRE                                         r  Count_reg[6]/R
  -------------------------------------------------------------------    -------------------

Slack:                    inf
  Source:                 Count_reg[11]/C
                            (rising edge-triggered cell FDRE)
  Destination:            Count_reg[7]/R
  Path Group:             (none)
  Path Type:              Max at Slow Process Corner
  Data Path Delay:        3.875ns  (logic 0.828ns (21.369%)  route 3.047ns (78.631%))
  Logic Levels:           4  (FDRE=1 LUT3=1 LUT4=1 LUT6=1)

    Location             Delay type                Incr(ns)  Path(ns)    Netlist Resource(s)
  -------------------------------------------------------------------    -------------------
    SLICE_X1Y2           FDRE                         0.000     0.000 r  Count_reg[11]/C
    SLICE_X1Y2           FDRE (Prop_fdre_C_Q)         0.456     0.456 f  Count_reg[11]/Q
                         net (fo=2, routed)           0.835     1.291    Count[11]
    SLICE_X0Y1           LUT4 (Prop_lut4_I1_O)        0.124     1.415 f  Count[31]_i_6/O
                         net (fo=1, routed)           0.279     1.694    Count[31]_i_6_n_0
    SLICE_X0Y1           LUT6 (Prop_lut6_I4_O)        0.124     1.818 r  Count[31]_i_3/O
                         net (fo=2, routed)           0.962     2.781    Count[31]_i_3_n_0
    SLICE_X0Y4           LUT3 (Prop_lut3_I0_O)        0.124     2.905 r  Count[31]_i_1/O
                         net (fo=33, routed)          0.970     3.875    Clk_status
    SLICE_X1Y1           FDRE                                         r  Count_reg[7]/R
  -------------------------------------------------------------------    -------------------

Slack:                    inf
  Source:                 Count_reg[11]/C
                            (rising edge-triggered cell FDRE)
  Destination:            Count_reg[8]/R
  Path Group:             (none)
  Path Type:              Max at Slow Process Corner
  Data Path Delay:        3.875ns  (logic 0.828ns (21.369%)  route 3.047ns (78.631%))
  Logic Levels:           4  (FDRE=1 LUT3=1 LUT4=1 LUT6=1)

    Location             Delay type                Incr(ns)  Path(ns)    Netlist Resource(s)
  -------------------------------------------------------------------    -------------------
    SLICE_X1Y2           FDRE                         0.000     0.000 r  Count_reg[11]/C
    SLICE_X1Y2           FDRE (Prop_fdre_C_Q)         0.456     0.456 f  Count_reg[11]/Q
                         net (fo=2, routed)           0.835     1.291    Count[11]
    SLICE_X0Y1           LUT4 (Prop_lut4_I1_O)        0.124     1.415 f  Count[31]_i_6/O
                         net (fo=1, routed)           0.279     1.694    Count[31]_i_6_n_0
    SLICE_X0Y1           LUT6 (Prop_lut6_I4_O)        0.124     1.818 r  Count[31]_i_3/O
                         net (fo=2, routed)           0.962     2.781    Count[31]_i_3_n_0
    SLICE_X0Y4           LUT3 (Prop_lut3_I0_O)        0.124     2.905 r  Count[31]_i_1/O
                         net (fo=33, routed)          0.970     3.875    Clk_status
    SLICE_X1Y1           FDRE                                         r  Count_reg[8]/R
  -------------------------------------------------------------------    -------------------

Slack:                    inf
  Source:                 Count_reg[11]/C
                            (rising edge-triggered cell FDRE)
  Destination:            Count_reg[10]/R
  Path Group:             (none)
  Path Type:              Max at Slow Process Corner
  Data Path Delay:        3.815ns  (logic 0.828ns (21.706%)  route 2.987ns (78.294%))
  Logic Levels:           4  (FDRE=1 LUT3=1 LUT4=1 LUT6=1)

    Location             Delay type                Incr(ns)  Path(ns)    Netlist Resource(s)
  -------------------------------------------------------------------    -------------------
    SLICE_X1Y2           FDRE                         0.000     0.000 r  Count_reg[11]/C
    SLICE_X1Y2           FDRE (Prop_fdre_C_Q)         0.456     0.456 f  Count_reg[11]/Q
                         net (fo=2, routed)           0.835     1.291    Count[11]
    SLICE_X0Y1           LUT4 (Prop_lut4_I1_O)        0.124     1.415 f  Count[31]_i_6/O
                         net (fo=1, routed)           0.279     1.694    Count[31]_i_6_n_0
    SLICE_X0Y1           LUT6 (Prop_lut6_I4_O)        0.124     1.818 r  Count[31]_i_3/O
                         net (fo=2, routed)           0.962     2.781    Count[31]_i_3_n_0
    SLICE_X0Y4           LUT3 (Prop_lut3_I0_O)        0.124     2.905 r  Count[31]_i_1/O
                         net (fo=33, routed)          0.910     3.815    Clk_status
    SLICE_X1Y2           FDRE                                         r  Count_reg[10]/R
  -------------------------------------------------------------------    -------------------

Slack:                    inf
  Source:                 Count_reg[11]/C
                            (rising edge-triggered cell FDRE)
  Destination:            Count_reg[11]/R
  Path Group:             (none)
  Path Type:              Max at Slow Process Corner
  Data Path Delay:        3.815ns  (logic 0.828ns (21.706%)  route 2.987ns (78.294%))
  Logic Levels:           4  (FDRE=1 LUT3=1 LUT4=1 LUT6=1)

    Location             Delay type                Incr(ns)  Path(ns)    Netlist Resource(s)
  -------------------------------------------------------------------    -------------------
    SLICE_X1Y2           FDRE                         0.000     0.000 r  Count_reg[11]/C
    SLICE_X1Y2           FDRE (Prop_fdre_C_Q)         0.456     0.456 f  Count_reg[11]/Q
                         net (fo=2, routed)           0.835     1.291    Count[11]
    SLICE_X0Y1           LUT4 (Prop_lut4_I1_O)        0.124     1.415 f  Count[31]_i_6/O
                         net (fo=1, routed)           0.279     1.694    Count[31]_i_6_n_0
    SLICE_X0Y1           LUT6 (Prop_lut6_I4_O)        0.124     1.818 r  Count[31]_i_3/O
                         net (fo=2, routed)           0.962     2.781    Count[31]_i_3_n_0
    SLICE_X0Y4           LUT3 (Prop_lut3_I0_O)        0.124     2.905 r  Count[31]_i_1/O
                         net (fo=33, routed)          0.910     3.815    Clk_status
    SLICE_X1Y2           FDRE                                         r  Count_reg[11]/R
  -------------------------------------------------------------------    -------------------

Slack:                    inf
  Source:                 Count_reg[11]/C
                            (rising edge-triggered cell FDRE)
  Destination:            Count_reg[12]/R
  Path Group:             (none)
  Path Type:              Max at Slow Process Corner
  Data Path Delay:        3.815ns  (logic 0.828ns (21.706%)  route 2.987ns (78.294%))
  Logic Levels:           4  (FDRE=1 LUT3=1 LUT4=1 LUT6=1)

    Location             Delay type                Incr(ns)  Path(ns)    Netlist Resource(s)
  -------------------------------------------------------------------    -------------------
    SLICE_X1Y2           FDRE                         0.000     0.000 r  Count_reg[11]/C
    SLICE_X1Y2           FDRE (Prop_fdre_C_Q)         0.456     0.456 f  Count_reg[11]/Q
                         net (fo=2, routed)           0.835     1.291    Count[11]
    SLICE_X0Y1           LUT4 (Prop_lut4_I1_O)        0.124     1.415 f  Count[31]_i_6/O
                         net (fo=1, routed)           0.279     1.694    Count[31]_i_6_n_0
    SLICE_X0Y1           LUT6 (Prop_lut6_I4_O)        0.124     1.818 r  Count[31]_i_3/O
                         net (fo=2, routed)           0.962     2.781    Count[31]_i_3_n_0
    SLICE_X0Y4           LUT3 (Prop_lut3_I0_O)        0.124     2.905 r  Count[31]_i_1/O
                         net (fo=33, routed)          0.910     3.815    Clk_status
    SLICE_X1Y2           FDRE                                         r  Count_reg[12]/R
  -------------------------------------------------------------------    -------------------





Min Delay Paths
--------------------------------------------------------------------------------------
Slack:                    inf
  Source:                 Clk_status_reg/C
                            (rising edge-triggered cell FDRE)
  Destination:            Clk_out_reg/D
  Path Group:             (none)
  Path Type:              Min at Fast Process Corner
  Data Path Delay:        0.332ns  (logic 0.141ns (42.515%)  route 0.191ns (57.485%))
  Logic Levels:           1  (FDRE=1)

    Location             Delay type                Incr(ns)  Path(ns)    Netlist Resource(s)
  -------------------------------------------------------------------    -------------------
    SLICE_X0Y4           FDRE                         0.000     0.000 r  Clk_status_reg/C
    SLICE_X0Y4           FDRE (Prop_fdre_C_Q)         0.141     0.141 r  Clk_status_reg/Q
                         net (fo=2, routed)           0.191     0.332    Clk_status_reg_n_0
    SLICE_X0Y1           FDRE                                         r  Clk_out_reg/D
  -------------------------------------------------------------------    -------------------

Slack:                    inf
  Source:                 Count_reg[2]/C
                            (rising edge-triggered cell FDRE)
  Destination:            Count_reg[2]/D
  Path Group:             (none)
  Path Type:              Min at Fast Process Corner
  Data Path Delay:        0.365ns  (logic 0.251ns (68.758%)  route 0.114ns (31.242%))
  Logic Levels:           2  (CARRY4=1 FDRE=1)

    Location             Delay type                Incr(ns)  Path(ns)    Netlist Resource(s)
  -------------------------------------------------------------------    -------------------
    SLICE_X1Y0           FDRE                         0.000     0.000 r  Count_reg[2]/C
    SLICE_X1Y0           FDRE (Prop_fdre_C_Q)         0.141     0.141 r  Count_reg[2]/Q
                         net (fo=2, routed)           0.114     0.255    Count[2]
    SLICE_X1Y0           CARRY4 (Prop_carry4_S[1]_O[1])
                                                      0.110     0.365 r  Count_reg[4]_i_1/O[1]
                         net (fo=1, routed)           0.000     0.365    p_1_in[2]
    SLICE_X1Y0           FDRE                                         r  Count_reg[2]/D
  -------------------------------------------------------------------    -------------------

Slack:                    inf
  Source:                 Count_reg[3]/C
                            (rising edge-triggered cell FDRE)
  Destination:            Count_reg[3]/D
  Path Group:             (none)
  Path Type:              Min at Fast Process Corner
  Data Path Delay:        0.365ns  (logic 0.252ns (69.032%)  route 0.113ns (30.968%))
  Logic Levels:           2  (CARRY4=1 FDRE=1)

    Location             Delay type                Incr(ns)  Path(ns)    Netlist Resource(s)
  -------------------------------------------------------------------    -------------------
    SLICE_X1Y0           FDRE                         0.000     0.000 r  Count_reg[3]/C
    SLICE_X1Y0           FDRE (Prop_fdre_C_Q)         0.141     0.141 r  Count_reg[3]/Q
                         net (fo=2, routed)           0.113     0.254    Count[3]
    SLICE_X1Y0           CARRY4 (Prop_carry4_S[2]_O[2])
                                                      0.111     0.365 r  Count_reg[4]_i_1/O[2]
                         net (fo=1, routed)           0.000     0.365    p_1_in[3]
    SLICE_X1Y0           FDRE                                         r  Count_reg[3]/D
  -------------------------------------------------------------------    -------------------

Slack:                    inf
  Source:                 Count_reg[24]/C
                            (rising edge-triggered cell FDRE)
  Destination:            Count_reg[24]/D
  Path Group:             (none)
  Path Type:              Min at Fast Process Corner
  Data Path Delay:        0.366ns  (logic 0.249ns (67.994%)  route 0.117ns (32.006%))
  Logic Levels:           2  (CARRY4=1 FDRE=1)

    Location             Delay type                Incr(ns)  Path(ns)    Netlist Resource(s)
  -------------------------------------------------------------------    -------------------
    SLICE_X1Y5           FDRE                         0.000     0.000 r  Count_reg[24]/C
    SLICE_X1Y5           FDRE (Prop_fdre_C_Q)         0.141     0.141 r  Count_reg[24]/Q
                         net (fo=2, routed)           0.117     0.258    Count[24]
    SLICE_X1Y5           CARRY4 (Prop_carry4_S[3]_O[3])
                                                      0.108     0.366 r  Count_reg[24]_i_1/O[3]
                         net (fo=1, routed)           0.000     0.366    p_1_in[24]
    SLICE_X1Y5           FDRE                                         r  Count_reg[24]/D
  -------------------------------------------------------------------    -------------------

Slack:                    inf
  Source:                 Count_reg[8]/C
                            (rising edge-triggered cell FDRE)
  Destination:            Count_reg[8]/D
  Path Group:             (none)
  Path Type:              Min at Fast Process Corner
  Data Path Delay:        0.366ns  (logic 0.249ns (67.994%)  route 0.117ns (32.006%))
  Logic Levels:           2  (CARRY4=1 FDRE=1)

    Location             Delay type                Incr(ns)  Path(ns)    Netlist Resource(s)
  -------------------------------------------------------------------    -------------------
    SLICE_X1Y1           FDRE                         0.000     0.000 r  Count_reg[8]/C
    SLICE_X1Y1           FDRE (Prop_fdre_C_Q)         0.141     0.141 r  Count_reg[8]/Q
                         net (fo=2, routed)           0.117     0.258    Count[8]
    SLICE_X1Y1           CARRY4 (Prop_carry4_S[3]_O[3])
                                                      0.108     0.366 r  Count_reg[8]_i_1/O[3]
                         net (fo=1, routed)           0.000     0.366    p_1_in[8]
    SLICE_X1Y1           FDRE                                         r  Count_reg[8]/D
  -------------------------------------------------------------------    -------------------

Slack:                    inf
  Source:                 Count_reg[12]/C
                            (rising edge-triggered cell FDRE)
  Destination:            Count_reg[12]/D
  Path Group:             (none)
  Path Type:              Min at Fast Process Corner
  Data Path Delay:        0.369ns  (logic 0.249ns (67.424%)  route 0.120ns (32.576%))
  Logic Levels:           2  (CARRY4=1 FDRE=1)

    Location             Delay type                Incr(ns)  Path(ns)    Netlist Resource(s)
  -------------------------------------------------------------------    -------------------
    SLICE_X1Y2           FDRE                         0.000     0.000 r  Count_reg[12]/C
    SLICE_X1Y2           FDRE (Prop_fdre_C_Q)         0.141     0.141 r  Count_reg[12]/Q
                         net (fo=2, routed)           0.120     0.261    Count[12]
    SLICE_X1Y2           CARRY4 (Prop_carry4_S[3]_O[3])
                                                      0.108     0.369 r  Count_reg[12]_i_1/O[3]
                         net (fo=1, routed)           0.000     0.369    p_1_in[12]
    SLICE_X1Y2           FDRE                                         r  Count_reg[12]/D
  -------------------------------------------------------------------    -------------------

Slack:                    inf
  Source:                 Count_reg[16]/C
                            (rising edge-triggered cell FDRE)
  Destination:            Count_reg[16]/D
  Path Group:             (none)
  Path Type:              Min at Fast Process Corner
  Data Path Delay:        0.369ns  (logic 0.249ns (67.424%)  route 0.120ns (32.576%))
  Logic Levels:           2  (CARRY4=1 FDRE=1)

    Location             Delay type                Incr(ns)  Path(ns)    Netlist Resource(s)
  -------------------------------------------------------------------    -------------------
    SLICE_X1Y3           FDRE                         0.000     0.000 r  Count_reg[16]/C
    SLICE_X1Y3           FDRE (Prop_fdre_C_Q)         0.141     0.141 r  Count_reg[16]/Q
                         net (fo=2, routed)           0.120     0.261    Count[16]
    SLICE_X1Y3           CARRY4 (Prop_carry4_S[3]_O[3])
                                                      0.108     0.369 r  Count_reg[16]_i_1/O[3]
                         net (fo=1, routed)           0.000     0.369    p_1_in[16]
    SLICE_X1Y3           FDRE                                         r  Count_reg[16]/D
  -------------------------------------------------------------------    -------------------

Slack:                    inf
  Source:                 Count_reg[20]/C
                            (rising edge-triggered cell FDRE)
  Destination:            Count_reg[20]/D
  Path Group:             (none)
  Path Type:              Min at Fast Process Corner
  Data Path Delay:        0.369ns  (logic 0.249ns (67.424%)  route 0.120ns (32.576%))
  Logic Levels:           2  (CARRY4=1 FDRE=1)

    Location             Delay type                Incr(ns)  Path(ns)    Netlist Resource(s)
  -------------------------------------------------------------------    -------------------
    SLICE_X1Y4           FDRE                         0.000     0.000 r  Count_reg[20]/C
    SLICE_X1Y4           FDRE (Prop_fdre_C_Q)         0.141     0.141 r  Count_reg[20]/Q
                         net (fo=2, routed)           0.120     0.261    Count[20]
    SLICE_X1Y4           CARRY4 (Prop_carry4_S[3]_O[3])
                                                      0.108     0.369 r  Count_reg[20]_i_1/O[3]
                         net (fo=1, routed)           0.000     0.369    p_1_in[20]
    SLICE_X1Y4           FDRE                                         r  Count_reg[20]/D
  -------------------------------------------------------------------    -------------------

Slack:                    inf
  Source:                 Count_reg[4]/C
                            (rising edge-triggered cell FDRE)
  Destination:            Count_reg[4]/D
  Path Group:             (none)
  Path Type:              Min at Fast Process Corner
  Data Path Delay:        0.369ns  (logic 0.249ns (67.424%)  route 0.120ns (32.576%))
  Logic Levels:           2  (CARRY4=1 FDRE=1)

    Location             Delay type                Incr(ns)  Path(ns)    Netlist Resource(s)
  -------------------------------------------------------------------    -------------------
    SLICE_X1Y0           FDRE                         0.000     0.000 r  Count_reg[4]/C
    SLICE_X1Y0           FDRE (Prop_fdre_C_Q)         0.141     0.141 r  Count_reg[4]/Q
                         net (fo=2, routed)           0.120     0.261    Count[4]
    SLICE_X1Y0           CARRY4 (Prop_carry4_S[3]_O[3])
                                                      0.108     0.369 r  Count_reg[4]_i_1/O[3]
                         net (fo=1, routed)           0.000     0.369    p_1_in[4]
    SLICE_X1Y0           FDRE                                         r  Count_reg[4]/D
  -------------------------------------------------------------------    -------------------

Slack:                    inf
  Source:                 Count_reg[28]/C
                            (rising edge-triggered cell FDRE)
  Destination:            Count_reg[28]/D
  Path Group:             (none)
  Path Type:              Min at Fast Process Corner
  Data Path Delay:        0.369ns  (logic 0.249ns (67.412%)  route 0.120ns (32.588%))
  Logic Levels:           2  (CARRY4=1 FDRE=1)

    Location             Delay type                Incr(ns)  Path(ns)    Netlist Resource(s)
  -------------------------------------------------------------------    -------------------
    SLICE_X1Y6           FDRE                         0.000     0.000 r  Count_reg[28]/C
    SLICE_X1Y6           FDRE (Prop_fdre_C_Q)         0.141     0.141 r  Count_reg[28]/Q
                         net (fo=2, routed)           0.120     0.261    Count[28]
    SLICE_X1Y6           CARRY4 (Prop_carry4_S[3]_O[3])
                                                      0.108     0.369 r  Count_reg[28]_i_1/O[3]
                         net (fo=1, routed)           0.000     0.369    p_1_in[28]
    SLICE_X1Y6           FDRE                                         r  Count_reg[28]/D
  -------------------------------------------------------------------    -------------------





