Vivado Simulator v2022.2
Copyright 1986-1999, 2001-2022 Xilinx, Inc. All Rights Reserved.
Running: D:/Xilinx-Vivado/Vivado/2022.2/bin/unwrapped/win64.o/xelab.exe --incr --debug typical --relax --mt 2 -L xil_defaultlib -L secureip --snapshot ArithmeticUnit_Simulation_behav xil_defaultlib.ArithmeticUnit_Simulation -log elaborate.log 
Using 2 slave threads.
Starting static elaboration
Completed static elaboration
Starting simulation data flow analysis
Completed simulation data flow analysis
Time Resolution for simulation is 1ps
Compiling package std.standard
Compiling package std.textio
Compiling package ieee.std_logic_1164
Compiling architecture behavioral of entity xil_defaultlib.Slow_Clk [slow_clk_default]
Compiling architecture behavioral of entity xil_defaultlib.StorageRegister [storageregister_default]
Compiling architecture behavioral of entity xil_defaultlib.HalfAdder [halfadder_default]
Compiling architecture behavioral of entity xil_defaultlib.FullAdder [fulladder_default]
Compiling architecture behavioral of entity xil_defaultlib.RCA [rca_default]
Compiling architecture behavioral of entity xil_defaultlib.ArithmeticUnit [arithmeticunit_default]
Compiling architecture behavioral of entity xil_defaultlib.arithmeticunit_simulation
Built simulation snapshot ArithmeticUnit_Simulation_behav
